"QUERY PLAN"
"Subquery Scan on sub  (cost=142.72..203.74 rows=680 width=4) (actual time=0.068..0.077 rows=2 loops=1)"
"  Filter: (sub.temperature > sub.prev_temp)"
"  Rows Removed by Filter: 2"
"  ->  WindowAgg  (cost=142.72..178.24 rows=2040 width=16) (actual time=0.063..0.073 rows=4 loops=1)"
"        ->  Sort  (cost=142.54..147.64 rows=2040 width=12) (actual time=0.052..0.053 rows=4 loops=1)"
"              Sort Key: weather.recorddate"
"              Sort Method: quicksort  Memory: 25kB"
"              ->  Seq Scan on weather  (cost=0.00..30.40 rows=2040 width=12) (actual time=0.035..0.038 rows=4 loops=1)"
"Planning Time: 0.258 ms"
"Execution Time: 0.130 ms"
